c:\users\preyc\onedrive\desktop\database\source\inv-gui\inv-gui\x64\release\vc142.pdb
c:\users\preyc\onedrive\desktop\database\source\inv-gui\inv-gui\x64\release\.netframework,version=v4.7.2.assemblyattributes.obj
c:\users\preyc\onedrive\desktop\database\source\inv-gui\inv-gui\x64\release\main.obj
c:\users\preyc\onedrive\desktop\database\source\inv-gui\inv-gui\x64\release\invgui.myform.resources
c:\users\preyc\onedrive\desktop\database\source\inv-gui\inv-gui\x64\release\inv-gui.vcxproj.generateresource.cache
c:\users\preyc\onedrive\desktop\database\source\inv-gui\x64\release\inv-gui.pdb
c:\users\preyc\onedrive\desktop\database\source\inv-gui\inv-gui\x64\release\inv-gui.tlog\cl.command.1.tlog
c:\users\preyc\onedrive\desktop\database\source\inv-gui\inv-gui\x64\release\inv-gui.tlog\cl.read.1.tlog
c:\users\preyc\onedrive\desktop\database\source\inv-gui\inv-gui\x64\release\inv-gui.tlog\cl.write.1.tlog
c:\users\preyc\onedrive\desktop\database\source\inv-gui\inv-gui\x64\release\inv-gui.tlog\inv-gui.write.1u.tlog
c:\users\preyc\onedrive\desktop\database\source\inv-gui\inv-gui\x64\release\inv-gui.tlog\link.2736-cvtres.read.1.tlog
c:\users\preyc\onedrive\desktop\database\source\inv-gui\inv-gui\x64\release\inv-gui.tlog\link.2736-cvtres.write.1.tlog
c:\users\preyc\onedrive\desktop\database\source\inv-gui\inv-gui\x64\release\inv-gui.tlog\link.2736-rc.read.1.tlog
c:\users\preyc\onedrive\desktop\database\source\inv-gui\inv-gui\x64\release\inv-gui.tlog\link.2736-rc.write.1.tlog
c:\users\preyc\onedrive\desktop\database\source\inv-gui\inv-gui\x64\release\inv-gui.tlog\link.2736.read.1.tlog
c:\users\preyc\onedrive\desktop\database\source\inv-gui\inv-gui\x64\release\inv-gui.tlog\link.2736.write.1.tlog
c:\users\preyc\onedrive\desktop\database\source\inv-gui\inv-gui\x64\release\inv-gui.tlog\link.4624-cvtres.read.1.tlog
c:\users\preyc\onedrive\desktop\database\source\inv-gui\inv-gui\x64\release\inv-gui.tlog\link.4624-cvtres.write.1.tlog
c:\users\preyc\onedrive\desktop\database\source\inv-gui\inv-gui\x64\release\inv-gui.tlog\link.4624-rc.read.1.tlog
c:\users\preyc\onedrive\desktop\database\source\inv-gui\inv-gui\x64\release\inv-gui.tlog\link.4624-rc.write.1.tlog
c:\users\preyc\onedrive\desktop\database\source\inv-gui\inv-gui\x64\release\inv-gui.tlog\link.4624.read.1.tlog
c:\users\preyc\onedrive\desktop\database\source\inv-gui\inv-gui\x64\release\inv-gui.tlog\link.4624.write.1.tlog
c:\users\preyc\onedrive\desktop\database\source\inv-gui\inv-gui\x64\release\inv-gui.tlog\link.command.1.tlog
c:\users\preyc\onedrive\desktop\database\source\inv-gui\inv-gui\x64\release\inv-gui.tlog\link.read.1.tlog
c:\users\preyc\onedrive\desktop\database\source\inv-gui\inv-gui\x64\release\inv-gui.tlog\link.write.1.tlog
c:\users\preyc\onedrive\desktop\database\source\inv-gui\inv-gui\x64\release\inv-gui.tlog\metagen.read.1.tlog
c:\users\preyc\onedrive\desktop\database\source\inv-gui\inv-gui\x64\release\inv-gui.tlog\metagen.write.1.tlog
